<?xml version="1.0" encoding="UTF-8"?>
<!-- Generated by org.testng.reporters.JUnitXMLReporter -->
<testsuite ignored="1" hostname="LAPTOP-BT17V4TJ" failures="0" tests="1" name="test1" time="138.255" errors="0" timestamp="2022-09-27T12:36:07 IST">
  <testcase classname="com.testng.Basictest" name="@BeforeTest setup" time="137.983">
    <failure type="org.openqa.selenium.WebDriverException" message="chrome not reachable
Build info: version: &amp;apos;3.141.59&amp;apos;, revision: &amp;apos;e82be7d358&amp;apos;, time: &amp;apos;2018-11-14T08:17:03&amp;apos;
System info: host: &amp;apos;LAPTOP-BT17V4TJ&amp;apos;, ip: &amp;apos;192.168.1.69&amp;apos;, os.name: &amp;apos;Windows 10&amp;apos;, os.arch: &amp;apos;amd64&amp;apos;, os.version: &amp;apos;10.0&amp;apos;, java.version: &amp;apos;17.0.3&amp;apos;
Driver info: driver.version: ChromeDriver
remote stacktrace: Backtrace:
	Ordinal0 [0x00A1DF13+2219795]
	Ordinal0 [0x009B2841+1779777]
	Ordinal0 [0x008C4100+803072]
	Ordinal0 [0x008B9B1A+760602]
	Ordinal0 [0x008E5E4A+941642]
	Ordinal0 [0x008E19F0+924144]
	Ordinal0 [0x008DF179+913785]
	Ordinal0 [0x009136B9+1128121]
	Ordinal0 [0x0091331A+1127194]
	Ordinal0 [0x0090E616+1107478]
	Ordinal0 [0x008E7F89+950153]
	Ordinal0 [0x008E8F56+954198]
	GetHandleVerifier [0x00D12CB2+3040210]
	GetHandleVerifier [0x00D02BB4+2974420]
	GetHandleVerifier [0x00AB6A0A+565546]
	GetHandleVerifier [0x00AB5680+560544]
	Ordinal0 [0x009B9A5C+1808988]
	Ordinal0 [0x009BE3A8+1827752]
	Ordinal0 [0x009BE495+1827989]
	Ordinal0 [0x009C80A4+1867940]
	BaseThreadInitThunk [0x7607FA29+25]
	RtlGetAppContainerNamedObjectPath [0x772D7B5E+286]
	RtlGetAppContainerNamedObjectPath [0x772D7B2E+238]
">
      <![CDATA[org.openqa.selenium.WebDriverException: chrome not reachable
Build info: version: '3.141.59', revision: 'e82be7d358', time: '2018-11-14T08:17:03'
System info: host: 'LAPTOP-BT17V4TJ', ip: '192.168.1.69', os.name: 'Windows 10', os.arch: 'amd64', os.version: '10.0', java.version: '17.0.3'
Driver info: driver.version: ChromeDriver
remote stacktrace: Backtrace:
Ordinal0 [0x00A1DF13+2219795]
Ordinal0 [0x009B2841+1779777]
Ordinal0 [0x008C4100+803072]
Ordinal0 [0x008B9B1A+760602]
Ordinal0 [0x008E5E4A+941642]
Ordinal0 [0x008E19F0+924144]
Ordinal0 [0x008DF179+913785]
Ordinal0 [0x009136B9+1128121]
Ordinal0 [0x0091331A+1127194]
Ordinal0 [0x0090E616+1107478]
Ordinal0 [0x008E7F89+950153]
Ordinal0 [0x008E8F56+954198]
GetHandleVerifier [0x00D12CB2+3040210]
GetHandleVerifier [0x00D02BB4+2974420]
GetHandleVerifier [0x00AB6A0A+565546]
GetHandleVerifier [0x00AB5680+560544]
Ordinal0 [0x009B9A5C+1808988]
Ordinal0 [0x009BE3A8+1827752]
Ordinal0 [0x009BE495+1827989]
Ordinal0 [0x009C80A4+1867940]
BaseThreadInitThunk [0x7607FA29+25]
RtlGetAppContainerNamedObjectPath [0x772D7B5E+286]
RtlGetAppContainerNamedObjectPath [0x772D7B2E+238]

at org.openqa.selenium.remote.W3CHandshakeResponse.lambda$errorHandler$0(W3CHandshakeResponse.java:62)
at org.openqa.selenium.remote.HandshakeResponse.lambda$getResponseFunction$0(HandshakeResponse.java:30)
at org.openqa.selenium.remote.ProtocolHandshake.lambda$createSession$0(ProtocolHandshake.java:126)
at java.base/java.util.stream.ReferencePipeline$3$1.accept(ReferencePipeline.java:197)
at java.base/java.util.Spliterators$ArraySpliterator.tryAdvance(Spliterators.java:1002)
at java.base/java.util.stream.ReferencePipeline.forEachWithCancel(ReferencePipeline.java:129)
at java.base/java.util.stream.AbstractPipeline.copyIntoWithCancel(AbstractPipeline.java:527)
at java.base/java.util.stream.AbstractPipeline.copyInto(AbstractPipeline.java:513)
at java.base/java.util.stream.AbstractPipeline.wrapAndCopyInto(AbstractPipeline.java:499)
at java.base/java.util.stream.FindOps$FindOp.evaluateSequential(FindOps.java:150)
at java.base/java.util.stream.AbstractPipeline.evaluate(AbstractPipeline.java:234)
at java.base/java.util.stream.ReferencePipeline.findFirst(ReferencePipeline.java:647)
at org.openqa.selenium.remote.ProtocolHandshake.createSession(ProtocolHandshake.java:128)
at org.openqa.selenium.remote.ProtocolHandshake.createSession(ProtocolHandshake.java:74)
at org.openqa.selenium.remote.HttpCommandExecutor.execute(HttpCommandExecutor.java:136)
at org.openqa.selenium.remote.service.DriverCommandExecutor.execute(DriverCommandExecutor.java:83)
at org.openqa.selenium.remote.RemoteWebDriver.execute(RemoteWebDriver.java:552)
at org.openqa.selenium.remote.RemoteWebDriver.startSession(RemoteWebDriver.java:213)
at org.openqa.selenium.remote.RemoteWebDriver.<init>(RemoteWebDriver.java:131)
at org.openqa.selenium.chrome.ChromeDriver.<init>(ChromeDriver.java:181)
at org.openqa.selenium.chrome.ChromeDriver.<init>(ChromeDriver.java:168)
at org.openqa.selenium.chrome.ChromeDriver.<init>(ChromeDriver.java:123)
at com.testng.Basictest.setup(Basictest.java:21)
... Removed 29 stack frames]]>
    </failure>
  </testcase> <!-- @BeforeTest setup -->
  <testcase classname="com.testng.Basictest" name="@AfterTest teardown" time="-1.664262367547E9">
    <skipped/>
  </testcase> <!-- @AfterTest teardown -->
  <testcase classname="com.testng.Screenshots" name="loginhrm" time="0.0">
    <skipped/>
  </testcase> <!-- loginhrm -->
  <testcase classname="com.testng.Screenshots" name="facebook" time="0.0">
    <ignored/>
  </testcase> <!-- facebook -->
</testsuite> <!-- test1 -->
